+++++++++++++++++++++++++++++
Info    : Meshing 1D...
Info    : Meshing curve 1 (Line)
Info    : Done meshing 1D (Wall 0.0650968s, CPU 0.000658s)
Info    : 151 nodes 152 elements
Info    : Writing '../outputs/03_Code_JuliaPure/models/simple_line_01_r_grid150x150.msh'...
Info    : Done writing '../outputs/03_Code_JuliaPure/models/simple_line_01_r_grid150x150.msh'
Info    : Reading '../outputs/03_Code_JuliaPure/models/simple_line_01_r_grid150x150.msh'...
Info    : 3 entities
Info    : 151 nodes
Info    : 152 elements
Info    : Done reading '../outputs/03_Code_JuliaPure/models/simple_line_01_r_grid150x150.msh'
Info    : Meshing 1D...
Info    : Meshing curve 1 (Line)
Info    : Done meshing 1D (Wall 0.0211549s, CPU 0.000111s)
Info    : 151 nodes 152 elements
Info    : Writing '../outputs/03_Code_JuliaPure/models/simple_line_01_χ_grid150x150.msh'...
Info    : Done writing '../outputs/03_Code_JuliaPure/models/simple_line_01_χ_grid150x150.msh'
Info    : Reading '../outputs/03_Code_JuliaPure/models/simple_line_01_χ_grid150x150.msh'...
Info    : 3 entities
Info    : 151 nodes
Info    : 152 elements
Info    : Done reading '../outputs/03_Code_JuliaPure/models/simple_line_01_χ_grid150x150.msh'
incluyendo módulo schrodinger
incluido módulo schrodinger
Number of threads = 4
ΔrH=0.16[Å]; ΔRH=2.92[Å]; ΔχH=0.07[Å]
n_1D_r*n_1D_R=22500 FE
Set Electron-Nuclear potential
Writing 2D problem eigenstates and eigenvalues
Writing initial condition
Writing convergence information
Δt=2.18884[fs]; dim(time_vec)=92
Writing evolution of wave function
Writing electronic probability density
Writing nuclear probability density
Writing total Shannon entropy
Writing electronic Shannon entropy
Writing nuclear Shannon entropy
Writing mutual information
Writing total Renyi entropy
Writing electronic Renyi entropy
Writing nuclear Renyi entropy
Writing mutual information
Writing expectation value of electronic coordinate
Writing expectation value of nuclear coordinate
Writing variance of electronic coordinate
Writing variance of nuclear coordinate
8865.433461 seconds (21.69 G allocations: 22.482 TiB, 1.91% gc time, 0.66% compilation time: 1% of which was recompilation)
+++++++++++++++++++++++++++++
