++++++++++++++++++++++++++++++
incluyendo módulo schrodinger
incluido módulo schrodinger
Number of threads = 8
ΔrH=0.13[Å]; ΔRH=2.43[Å]; ΔχH=0.05[Å]
n_1D_r*n_1D_R=32400 FE
Set Electron-Nuclear potential
Writing 2D problem eigenstates and eigenvalues
Info    : Meshing 1D...
Info    : Meshing curve 1 (Line)
Info    : Done meshing 1D (Wall 0.00123786s, CPU 0.000362s)
Info    : 181 nodes 182 elements
Info    : Writing '../outputs/03_Code_JuliaPure/models/simple_line_01_r_grid180x180.msh'...
Info    : Done writing '../outputs/03_Code_JuliaPure/models/simple_line_01_r_grid180x180.msh'
Info    : Reading '../outputs/03_Code_JuliaPure/models/simple_line_01_r_grid180x180.msh'...
Info    : 3 entities
Info    : 181 nodes
Info    : 182 elements
Info    : Done reading '../outputs/03_Code_JuliaPure/models/simple_line_01_r_grid180x180.msh'
Info    : Meshing 1D...
Info    : Meshing curve 1 (Line)
Info    : Done meshing 1D (Wall 0.000136702s, CPU 0s)
Info    : 181 nodes 182 elements
Info    : Writing '../outputs/03_Code_JuliaPure/models/simple_line_01_χ_grid180x180.msh'...
Info    : Done writing '../outputs/03_Code_JuliaPure/models/simple_line_01_χ_grid180x180.msh'
Info    : Reading '../outputs/03_Code_JuliaPure/models/simple_line_01_χ_grid180x180.msh'...
Info    : 3 entities
Info    : 181 nodes
Info    : 182 elements
Info    : Done reading '../outputs/03_Code_JuliaPure/models/simple_line_01_χ_grid180x180.msh'
Writing initial condition
Writing convergence information
Δt=2.18884[fs]; dim(time_vec)=92
Writing evolution of wave function
Writing electronic probability density
Writing nuclear probability density
Writing total Shannon entropy
Writing electronic Shannon entropy
Writing nuclear Shannon entropy
Writing mutual information
Writing total Renyi entropy
Writing electronic Renyi entropy
Writing nuclear Renyi entropy
Writing mutual information
Writing expectation value of electronic coordinate
Writing expectation value of nuclear coordinate
Writing variance of electronic coordinate
Writing variance of nuclear coordinate
76348.938237 seconds (70.60 G allocations: 227.545 TiB, 4.29% gc time, 0.14% compilation time: 1% of which was recompilation)
++++++++++++++++++++++++++++++
